0 2 has taken a fork
0 2 has taken a fork
0 1 has taken a fork
0 4 has taken a fork
0 4 has taken a fork
0 10 has taken a fork
0 10 has taken a fork
0 8 has taken a fork
0 8 has taken a fork
0 6 has taken a fork
0 6 has taken a fork
0 12 has taken a fork
0 12 has taken a fork
0 14 has taken a fork
0 14 has taken a fork
0 16 has taken a fork
0 16 has taken a fork
0 18 has taken a fork
0 18 has taken a fork
0 20 has taken a fork
0 20 has taken a fork
0 22 has taken a fork
0 22 has taken a fork
0 24 has taken a fork
0 24 has taken a fork
1 10 is eating
1 16 is eating
1 20 is eating
1 26 has taken a fork
1 34 has taken a fork
1 26 has taken a fork
1 40 has taken a fork
1 42 has taken a fork
1 22 is eating
1 56 has taken a fork
1 14 is eating
1 6 is eating
1 2 is eating
1 24 is eating
1 56 has taken a fork
1 42 has taken a fork
1 30 has taken a fork
1 8 is eating
1 30 has taken a fork
1 34 has taken a fork
1 40 has taken a fork
1 4 is eating
1 12 is eating
1 38 has taken a fork
1 38 has taken a fork
1 44 has taken a fork
1 44 has taken a fork
1 46 has taken a fork
1 46 has taken a fork
1 48 has taken a fork
1 48 has taken a fork
1 50 has taken a fork
1 50 has taken a fork
1 52 has taken a fork
1 52 has taken a fork
2 52 is eating
2 40 is eating
2 44 is eating
2 46 is eating
2 38 is eating
2 30 is eating
2 56 is eating
2 26 is eating
2 50 is eating
2 42 is eating
2 54 has taken a fork
2 54 has taken a fork
2 72 has taken a fork
2 48 is eating
2 34 is eating
2 74 has taken a fork
2 72 has taken a fork
2 78 has taken a fork
2 80 has taken a fork
2 82 has taken a fork
2 94 has taken a fork
2 82 has taken a fork
2 94 has taken a fork
2 98 has taken a fork
2 98 has taken a fork
2 102 has taken a fork
2 102 has taken a fork
2 108 has taken a fork
2 110 has taken a fork
2 110 has taken a fork
2 116 has taken a fork
2 118 has taken a fork
2 116 has taken a fork
2 118 has taken a fork
2 122 has taken a fork
2 122 has taken a fork
2 124 has taken a fork
2 124 has taken a fork
2 126 has taken a fork
2 126 has taken a fork
3 126 is eating
3 118 is eating
3 110 is eating
3 72 is eating
3 122 is eating
3 116 is eating
3 98 is eating
3 102 is eating
3 128 has taken a fork
3 128 has taken a fork
3 36 has taken a fork
3 82 is eating
3 36 has taken a fork
3 28 has taken a fork
3 28 has taken a fork
3 60 has taken a fork
3 62 has taken a fork
3 60 has taken a fork
3 32 has taken a fork
3 132 has taken a fork
3 66 has taken a fork
3 32 has taken a fork
3 134 has taken a fork
3 66 has taken a fork
3 76 has taken a fork
3 134 has taken a fork
3 70 has taken a fork
3 70 has taken a fork
3 136 has taken a fork
3 136 has taken a fork
3 74 has taken a fork
3 84 has taken a fork
3 84 has taken a fork
3 86 has taken a fork
3 86 has taken a fork
3 78 has taken a fork
3 80 has taken a fork
4 84 is eating
4 32 is eating
4 60 is eating
4 36 is eating
4 128 is eating
4 70 is eating
4 80 is eating
4 28 is eating
4 88 has taken a fork
4 74 is eating
4 92 has taken a fork
4 78 is eating
4 108 has taken a fork
4 104 has taken a fork
4 142 has taken a fork
4 144 has taken a fork
4 146 has taken a fork
4 148 has taken a fork
4 144 has taken a fork
4 150 has taken a fork
4 146 has taken a fork
4 152 has taken a fork
4 160 has taken a fork
4 160 has taken a fork
4 162 has taken a fork
4 162 has taken a fork
4 168 has taken a fork
4 170 has taken a fork
4 170 has taken a fork
4 174 has taken a fork
4 176 has taken a fork
4 176 has taken a fork
4 178 has taken a fork
4 180 has taken a fork
4 180 has taken a fork
4 182 has taken a fork
4 182 has taken a fork
4 184 has taken a fork
4 184 has taken a fork
4 186 has taken a fork
4 186 has taken a fork
5 160 is eating
5 162 is eating
5 108 is eating
5 176 is eating
5 170 is eating
5 144 is eating
5 184 is eating
5 180 is eating
5 188 has taken a fork
5 182 is eating
5 188 has taken a fork
5 190 has taken a fork
5 146 is eating
5 192 has taken a fork
5 192 has taken a fork
5 194 has taken a fork
5 194 has taken a fork
5 196 has taken a fork
5 198 has taken a fork
5 120 has taken a fork
5 198 has taken a fork
5 124 is eating
5 94 is eating
5 136 is eating
5 66 is eating
5 86 is eating
5 140 has taken a fork
5 106 has taken a fork
5 140 has taken a fork
5 106 has taken a fork
5 92 has taken a fork
5 90 has taken a fork
5 90 has taken a fork
5 104 has taken a fork
5 142 has taken a fork
5 148 has taken a fork
5 154 has taken a fork
5 150 has taken a fork
6 140 is eating
6 150 is eating
6 142 is eating
6 90 is eating
6 148 is eating
6 104 is eating
6 158 has taken a fork
6 152 has taken a fork
6 158 has taken a fork
6 168 has taken a fork
6 178 has taken a fork
6 190 has taken a fork
6 54 is eating
6 18 is eating
6 130 has taken a fork
6 130 has taken a fork
6 132 has taken a fork
6 62 has taken a fork
6 88 has taken a fork
6 76 has taken a fork
6 100 has taken a fork
6 100 has taken a fork
6 138 has taken a fork
6 138 has taken a fork
7 158 is eating
7 132 is eating
7 152 is eating
7 138 is eating
7 190 is eating
7 100 is eating
7 194 is eating
7 112 has taken a fork
7 106 is eating
7 112 has taken a fork
7 166 has taken a fork
7 114 has taken a fork
7 156 has taken a fork
7 166 has taken a fork
7 114 has taken a fork
7 186 is eating
7 172 has taken a fork
7 134 is eating
7 172 has taken a fork
7 196 has taken a fork
7 64 has taken a fork
7 64 has taken a fork
7 68 has taken a fork
7 178 is eating
7 68 has taken a fork
7 58 has taken a fork
7 58 has taken a fork
7 62 is eating
7 130 is eating
7 88 is eating
7 168 is eating
7 96 has taken a fork
7 96 has taken a fork
7 192 is eating
7 164 has taken a fork
7 164 has taken a fork
7 154 has taken a fork
7 92 is eating
7 198 is eating
7 188 is eating
8 166 is eating
8 172 is eating
8 112 is eating
8 96 is eating
8 114 is eating
8 68 is eating
8 156 has taken a fork
8 164 is eating
8 174 has taken a fork
8 76 is eating
8 64 is eating
8 154 is eating
8 196 is eating
8 58 is eating
8 120 has taken a fork
9 120 is eating
9 174 is eating
9 156 is eating
202 10 is sleeping
202 11 has taken a fork
203 30 is sleeping
203 50 is sleeping
203 52 is sleeping
203 48 is sleeping
203 22 is sleeping
203 31 has taken a fork
203 53 has taken a fork
203 49 has taken a fork
203 49 has taken a fork
203 23 has taken a fork
203 6 is sleeping
203 51 has taken a fork
203 51 has taken a fork
203 7 has taken a fork
203 14 is sleeping
203 15 has taken a fork
203 4 is sleeping
203 5 has taken a fork
203 5 has taken a fork
204 5 is eating
204 116 is sleeping
204 118 is sleeping
204 16 is sleeping
204 49 is eating
204 102 is sleeping
204 126 is sleeping
204 17 has taken a fork
204 117 has taken a fork
204 119 has taken a fork
204 110 is sleeping
204 42 is sleeping
204 117 has taken a fork
204 111 has taken a fork
204 38 is sleeping
204 51 is eating
204 44 is sleeping
204 15 has taken a fork
204 43 has taken a fork
204 39 has taken a fork
204 43 has taken a fork
204 45 has taken a fork
204 127 has taken a fork
204 103 has taken a fork
205 15 is eating
205 43 is eating
205 98 is sleeping
205 2 is sleeping
205 40 is sleeping
205 56 is sleeping
205 72 is sleeping
205 46 is sleeping
205 99 has taken a fork
205 26 is sleeping
205 3 has taken a fork
205 73 has taken a fork
205 27 has taken a fork
205 117 is eating
205 1 has taken a fork
205 3 has taken a fork
205 39 has taken a fork
205 45 has taken a fork
205 47 has taken a fork
205 47 has taken a fork
205 57 has taken a fork
205 34 is sleeping
205 41 has taken a fork
205 41 has taken a fork
205 35 has taken a fork
205 82 is sleeping
205 83 has taken a fork
206 39 is eating
206 47 is eating
206 1 is eating
206 3 is eating
206 182 is sleeping
206 176 is sleeping
206 136 is sleeping
206 32 is sleeping
206 41 is eating
206 177 has taken a fork
206 31 has taken a fork
206 45 is eating
207 124 is sleeping
207 108 is sleeping
207 137 has taken a fork
207 183 has taken a fork
207 33 has taken a fork
207 109 has taken a fork
207 33 has taken a fork
207 109 has taken a fork
207 125 has taken a fork
207 74 is sleeping
207 128 is sleeping
207 162 is sleeping
207 31 is eating
207 75 has taken a fork
207 125 has taken a fork
207 28 is sleeping
207 73 has taken a fork
207 36 is sleeping
207 29 has taken a fork
207 163 has taken a fork
207 129 has taken a fork
207 37 has taken a fork
207 27 has taken a fork
207 127 has taken a fork
207 35 has taken a fork
209 66 is sleeping
209 104 is sleeping
209 67 has taken a fork
209 105 has taken a fork
209 29 has taken a fork
209 37 has taken a fork
209 103 has taken a fork
209 27 is eating
209 127 is eating
209 125 is eating
209 73 is eating
210 166 is sleeping
210 62 is sleeping
210 103 is eating
210 188 is sleeping
210 112 is sleeping
210 148 is sleeping
210 35 is eating
210 37 is eating
210 76 is sleeping
210 63 has taken a fork
210 33 is eating
210 109 is eating
210 167 has taken a fork
210 149 has taken a fork
210 113 has taken a fork
210 77 has taken a fork
210 189 has taken a fork
210 111 has taken a fork
210 75 has taken a fork
210 68 is sleeping
210 69 has taken a fork
210 67 has taken a fork
210 29 is eating
211 120 is sleeping
211 90 is sleeping
211 192 is sleeping
211 67 is eating
211 75 is eating
211 111 is eating
211 196 is sleeping
211 54 is sleeping
211 86 is sleeping
211 154 is sleeping
211 197 has taken a fork
211 170 is sleeping
211 164 is sleeping
211 91 has taken a fork
211 193 has taken a fork
211 55 has taken a fork
211 171 has taken a fork
211 55 has taken a fork
211 121 has taken a fork
211 165 has taken a fork
211 165 has taken a fork
211 163 has taken a fork
211 87 has taken a fork
211 155 has taken a fork
211 119 has taken a fork
211 18 is sleeping
211 70 is sleeping
211 71 has taken a fork
211 53 has taken a fork
211 69 has taken a fork
211 71 has taken a fork
211 19 has taken a fork
211 17 has taken a fork
212 71 is eating
212 53 is eating
212 114 is sleeping
212 190 is sleeping
212 163 is eating
212 69 is eating
212 55 is eating
212 119 is eating
212 165 is eating
212 17 is eating
212 115 has taken a fork
212 115 has taken a fork
212 78 is sleeping
212 113 has taken a fork
212 79 has taken a fork
212 77 has taken a fork
212 80 is sleeping
212 84 is sleeping
212 146 is sleeping
212 191 has taken a fork
212 189 has taken a fork
212 79 has taken a fork
212 191 has taken a fork
212 81 has taken a fork
212 81 has taken a fork
212 85 has taken a fork
212 85 has taken a fork
212 83 has taken a fork
213 79 is eating
213 189 is eating
213 81 is eating
213 115 is eating
213 191 is eating
213 113 is eating
213 85 is eating
213 77 is eating
213 83 is eating
213 174 is sleeping
213 64 is sleeping
213 140 is sleeping
213 158 is sleeping
213 65 has taken a fork
213 141 has taken a fork
213 175 has taken a fork
213 175 has taken a fork
213 65 has taken a fork
213 147 has taken a fork
213 138 is sleeping
213 100 is sleeping
213 122 is sleeping
213 139 has taken a fork
213 63 has taken a fork
213 101 has taken a fork
213 137 has taken a fork
213 101 has taken a fork
213 159 has taken a fork
213 139 has taken a fork
213 147 has taken a fork
213 99 has taken a fork
214 139 is eating
214 137 is eating
214 65 is eating
214 175 is eating
214 147 is eating
214 101 is eating
214 99 is eating
214 63 is eating
214 123 has taken a fork
214 123 has taken a fork
214 121 has taken a fork
214 186 is sleeping
214 92 is sleeping
214 142 is sleeping
214 93 has taken a fork
214 91 has taken a fork
214 143 has taken a fork
214 58 is sleeping
214 187 has taken a fork
214 187 has taken a fork
214 59 has taken a fork
214 57 has taken a fork
214 141 has taken a fork
215 187 is eating
215 141 is eating
215 91 is eating
215 57 is eating
215 121 is eating
215 123 is eating
215 130 is sleeping
215 20 is sleeping
215 198 is sleeping
215 21 has taken a fork
215 21 has taken a fork
215 131 has taken a fork
215 160 is sleeping
215 152 is sleeping
215 178 is sleeping
215 134 is sleeping
215 161 has taken a fork
215 161 has taken a fork
215 19 has taken a fork
215 135 has taken a fork
215 153 has taken a fork
215 153 has taken a fork
215 129 has taken a fork
215 199 has taken a fork
215 199 has taken a fork
215 177 has taken a fork
215 179 has taken a fork
215 135 has taken a fork
215 197 has taken a fork
215 159 has taken a fork
216 19 is eating
216 21 is eating
216 135 is eating
216 129 is eating
216 153 is eating
216 199 is eating
216 159 is eating
216 197 is eating
216 161 is eating
216 177 is eating
216 94 is sleeping
216 150 is sleeping
216 95 has taken a fork
216 93 has taken a fork
216 60 is sleeping
216 96 is sleeping
216 151 has taken a fork
216 151 has taken a fork
216 149 has taken a fork
216 61 has taken a fork
216 61 has taken a fork
216 97 has taken a fork
216 97 has taken a fork
217 151 is eating
217 97 is eating
217 93 is eating
217 149 is eating
217 61 is eating
218 24 is sleeping
218 95 has taken a fork
218 59 has taken a fork
218 25 has taken a fork
218 25 has taken a fork
219 95 is eating
219 59 is eating
219 25 is eating
219 12 is sleeping
219 8 is sleeping
219 23 has taken a fork
219 9 has taken a fork
219 9 has taken a fork
220 9 is eating
220 23 is eating
220 7 has taken a fork
220 13 has taken a fork
220 13 has taken a fork
220 11 has taken a fork
221 11 is eating
221 13 is eating
221 7 is eating
221 194 is sleeping
221 106 is sleeping
221 195 has taken a fork
221 195 has taken a fork
221 107 has taken a fork
221 107 has taken a fork
221 105 has taken a fork
222 195 is eating
222 107 is eating
222 105 is eating
222 88 is sleeping
222 193 has taken a fork
222 144 is sleeping
223 168 is sleeping
223 193 is eating
223 180 is sleeping
223 156 is sleeping
223 169 has taken a fork
224 167 has taken a fork
224 145 has taken a fork
224 145 has taken a fork
224 143 has taken a fork
224 169 has taken a fork
225 145 is eating
225 167 is eating
225 143 is eating
225 169 is eating
226 181 has taken a fork
226 181 has taken a fork
226 89 has taken a fork
226 89 has taken a fork
227 181 is eating
227 89 is eating
228 179 has taken a fork
228 157 has taken a fork
228 157 has taken a fork
229 179 is eating
229 157 is eating
231 87 has taken a fork
232 87 is eating
251 155 has taken a fork
252 155 is eating
273 172 is sleeping
273 132 is sleeping
273 173 has taken a fork
273 173 has taken a fork
273 171 has taken a fork
273 133 has taken a fork
273 133 has taken a fork
274 133 is eating
274 171 is eating
274 173 is eating
399 131 has taken a fork
399 184 is sleeping
399 183 has taken a fork
399 185 has taken a fork
399 185 has taken a fork
400 183 is eating
400 131 is eating
400 185 is eating
403 10 is thinking
404 30 is thinking
404 48 is thinking
404 52 is thinking
404 6 is thinking
405 126 is thinking
405 118 is thinking
406 82 is thinking
406 72 is thinking
406 56 is thinking
407 176 is thinking
409 162 is thinking
409 136 is thinking
410 124 is thinking
410 66 is thinking
410 74 is thinking
410 104 is thinking
411 166 is thinking
411 76 is thinking
412 112 is thinking
412 54 is thinking
412 170 is thinking
413 80 is thinking
415 78 is thinking
415 86 is thinking
416 114 is thinking
416 174 is thinking
416 164 is thinking
416 120 is thinking
417 18 is thinking
417 130 is thinking
418 158 is thinking
418 122 is thinking
418 94 is thinking
419 92 is thinking
421 58 is thinking
421 198 is thinking
421 16 is thinking
422 96 is thinking
422 150 is thinking
423 152 is thinking
423 8 is thinking
423 117 is sleeping
424 168 is thinking
424 47 is sleeping
424 106 is thinking
424 182 is thinking
425 70 is thinking
425 60 is thinking
427 26 is thinking
427 38 is thinking
427 28 is thinking
428 31 is sleeping
428 110 is thinking
428 30 has taken a fork
433 14 is thinking
433 22 is thinking
433 4 is thinking
433 46 is thinking
433 32 is thinking
433 41 is sleeping
433 1 is sleeping
433 200 has taken a fork
442 36 is thinking
442 98 is thinking
442 42 is thinking
442 62 is thinking
442 196 is thinking
442 102 is thinking
442 108 is thinking
443 157 is sleeping
443 87 is sleeping
443 40 is thinking
443 138 is thinking
443 20 is thinking
443 86 has taken a fork
444 180 is thinking
444 35 is sleeping
447 109 is sleeping
447 89 is sleeping
447 46 has taken a fork
447 108 has taken a fork
447 71 is sleeping
447 73 is sleeping
447 70 has taken a fork
447 135 is sleeping
447 77 is sleeping
447 19 is sleeping
447 55 is sleeping
447 199 is sleeping
447 76 has taken a fork
447 197 is sleeping
447 54 has taken a fork
447 200 has taken a fork
447 189 is sleeping
447 99 is sleeping
447 139 is sleeping
447 57 is sleeping
447 98 has taken a fork
447 56 has taken a fork
447 34 is thinking
447 56 has taken a fork
447 43 is sleeping
447 194 is thinking
447 49 is sleeping
447 178 is thinking
447 48 has taken a fork
447 48 has taken a fork
447 72 has taken a fork
447 72 has taken a fork
447 18 has taken a fork
447 198 has taken a fork
447 198 has taken a fork
448 40 has taken a fork
448 56 is eating
448 48 is eating
448 198 is eating
448 200 is eating
448 12 is thinking
448 100 is thinking
448 188 is thinking
448 2 is thinking
448 84 is thinking
448 64 is thinking
448 186 is thinking
448 72 is eating
449 146 is thinking
452 34 has taken a fork
452 24 is thinking
452 116 is thinking
452 154 is thinking
453 188 has taken a fork
453 90 is thinking
453 148 is thinking
453 42 has taken a fork
453 42 has taken a fork
453 160 is thinking
453 51 is sleeping
453 190 is thinking
453 144 is thinking
453 45 is sleeping
453 44 is thinking
454 42 is eating
454 128 is thinking
454 140 is thinking
457 116 has taken a fork
457 46 has taken a fork
457 192 is thinking
457 142 is thinking
457 134 is thinking
458 44 has taken a fork
458 44 has taken a fork
458 88 is thinking
458 196 has taken a fork
458 161 is sleeping
458 177 is sleeping
458 21 is sleeping
458 176 has taken a fork
458 187 is sleeping
458 17 is sleeping
458 18 has taken a fork
458 186 has taken a fork
458 188 has taken a fork
458 16 has taken a fork
459 91 is sleeping
459 125 is sleeping
459 127 is sleeping
459 124 has taken a fork
459 29 is sleeping
459 5 is sleeping
459 69 is sleeping
459 30 has taken a fork
459 28 has taken a fork
459 70 has taken a fork
459 141 is sleeping
459 140 has taken a fork
459 140 has taken a fork
460 155 is sleeping
460 70 is eating
460 30 is eating
460 140 is eating
460 154 has taken a fork
460 23 is sleeping
460 153 is sleeping
460 22 has taken a fork
460 22 has taken a fork
460 65 is sleeping
460 154 has taken a fork
460 152 has taken a fork
460 93 is sleeping
460 46 is eating
460 64 has taken a fork
461 191 is sleeping
461 20 has taken a fork
461 123 is sleeping
461 20 has taken a fork
461 122 has taken a fork
461 124 has taken a fork
461 92 has taken a fork
461 190 has taken a fork
461 190 has taken a fork
461 92 has taken a fork
461 67 is sleeping
461 18 is eating
461 66 has taken a fork
461 66 has taken a fork
461 44 is eating
461 188 is eating
462 134 has taken a fork
462 124 is eating
462 190 is eating
462 160 has taken a fork
462 129 is sleeping
462 107 is sleeping
462 126 has taken a fork
462 126 has taken a fork
462 90 has taken a fork
462 106 has taken a fork
462 90 has taken a fork
462 108 has taken a fork
462 81 is sleeping
462 111 is sleeping
462 80 has taken a fork
462 110 has taken a fork
462 110 has taken a fork
462 15 is sleeping
462 16 has taken a fork
462 14 has taken a fork
463 195 is sleeping
463 194 has taken a fork
463 196 has taken a fork
463 22 is eating
463 50 is thinking
463 92 is eating
463 66 is eating
463 75 is sleeping
463 138 has taken a fork
463 126 is eating
463 4 has taken a fork
463 110 is eating
463 128 has taken a fork
463 16 is eating
463 90 is eating
463 128 has taken a fork
463 108 is eating
463 88 has taken a fork
463 88 has taken a fork
463 74 has taken a fork
463 74 has taken a fork
463 76 has taken a fork
463 154 is eating
463 20 is eating
463 68 is thinking
463 33 is sleeping
463 34 has taken a fork
463 32 has taken a fork
463 32 has taken a fork
464 76 is eating
464 32 is eating
464 88 is eating
464 196 is eating
464 74 is eating
464 128 is eating
464 34 is eating
464 163 is sleeping
464 165 is sleeping
464 3 is sleeping
464 121 is sleeping
464 162 has taken a fork
464 162 has taken a fork
464 164 has taken a fork
464 164 has taken a fork
464 2 has taken a fork
464 2 has taken a fork
464 4 has taken a fork
464 122 has taken a fork
464 120 has taken a fork
476 4 is eating
476 122 is eating
476 164 is eating
476 2 is eating
476 162 is eating
476 119 is sleeping
476 118 has taken a fork
476 120 has taken a fork
476 118 has taken a fork
476 113 is sleeping
476 112 has taken a fork
476 112 has taken a fork
476 27 is sleeping
476 37 is sleeping
477 26 has taken a fork
477 112 is eating
477 120 is eating
477 118 is eating
477 28 has taken a fork
526 79 is sleeping
526 137 is sleeping
526 78 has taken a fork
526 147 is sleeping
526 59 is sleeping
526 80 has taken a fork
526 50 has taken a fork
526 78 has taken a fork
527 68 has taken a fork
527 138 has taken a fork
527 181 is sleeping
527 50 has taken a fork
527 193 is sleeping
527 146 has taken a fork
527 143 is sleeping
527 68 has taken a fork
527 180 has taken a fork
527 36 has taken a fork
527 175 is sleeping
527 36 has taken a fork
527 194 has taken a fork
527 85 is sleeping
527 63 is sleeping
527 142 has taken a fork
527 151 is sleeping
527 83 is sleeping
527 142 has taken a fork
527 7 is sleeping
527 176 has taken a fork
527 174 has taken a fork
527 149 is sleeping
527 136 has taken a fork
527 136 has taken a fork
527 58 has taken a fork
527 58 has taken a fork
527 86 has taken a fork
528 78 is eating
528 50 is eating
528 58 is eating
528 68 is eating
528 138 is eating
528 36 is eating
528 84 has taken a fork
528 176 is eating
528 156 is thinking
528 80 is eating
528 101 is sleeping
528 150 has taken a fork
528 150 has taken a fork
528 84 has taken a fork
528 192 has taken a fork
528 62 has taken a fork
528 82 has taken a fork
528 6 has taken a fork
528 6 has taken a fork
528 142 is eating
528 86 is eating
528 103 is sleeping
528 136 is eating
528 82 has taken a fork
528 102 has taken a fork
528 102 has taken a fork
528 194 is eating
528 100 has taken a fork
528 100 has taken a fork
528 192 has taken a fork
528 148 has taken a fork
528 152 has taken a fork
528 64 has taken a fork
528 148 has taken a fork
529 148 is eating
529 152 is eating
529 84 is eating
529 192 is eating
529 100 is eating
529 82 is eating
529 64 is eating
529 53 is sleeping
529 102 is eating
529 28 is eating
529 6 is eating
529 150 is eating
529 54 has taken a fork
529 25 is sleeping
529 145 is sleeping
529 52 has taken a fork
529 146 has taken a fork
529 26 has taken a fork
529 144 has taken a fork
529 144 has taken a fork
529 52 has taken a fork
529 169 is sleeping
529 172 is thinking
529 24 has taken a fork
529 24 has taken a fork
529 168 has taken a fork
529 115 is sleeping
529 116 has taken a fork
529 114 has taken a fork
529 114 has taken a fork
530 146 is eating
530 24 is eating
530 26 is eating
530 114 is eating
530 116 is eating
530 52 is eating
530 144 is eating
530 54 is eating
530 61 is sleeping
530 62 has taken a fork
530 60 has taken a fork
530 60 has taken a fork
530 95 is sleeping
530 167 is sleeping
530 94 has taken a fork
530 94 has taken a fork
530 168 has taken a fork
530 166 has taken a fork
530 166 has taken a fork
531 60 is eating
531 168 is eating
531 166 is eating
531 62 is eating
531 94 is eating
531 13 is sleeping
531 97 is sleeping
531 9 is sleeping
531 11 is sleeping
531 105 is sleeping
531 8 has taken a fork
531 8 has taken a fork
531 106 has taken a fork
531 98 has taken a fork
531 12 has taken a fork
531 12 has taken a fork
531 14 has taken a fork
531 104 has taken a fork
531 104 has taken a fork
531 96 has taken a fork
531 96 has taken a fork
531 10 has taken a fork
531 10 has taken a fork
532 98 is eating
532 10 is eating
532 12 is eating
532 8 is eating
532 104 is eating
532 96 is eating
532 106 is eating
532 14 is eating
532 159 is sleeping
532 171 is sleeping
532 133 is sleeping
532 160 has taken a fork
532 134 has taken a fork
532 170 has taken a fork
532 170 has taken a fork
532 158 has taken a fork
532 158 has taken a fork
533 134 is eating
533 160 is eating
533 156 has taken a fork
533 156 has taken a fork
533 170 is eating
533 158 is eating
533 179 is sleeping
533 173 is sleeping
533 174 has taken a fork
533 180 has taken a fork
533 178 has taken a fork
533 178 has taken a fork
534 180 is eating
534 172 has taken a fork
534 172 has taken a fork
534 156 is eating
534 174 is eating
534 178 is eating
535 172 is eating
600 132 is thinking
600 184 is thinking
605 132 has taken a fork
649 47 is thinking
650 72 is sleeping
650 56 is sleeping
650 41 is thinking
655 42 is sleeping
656 87 is thinking
657 89 is thinking
659 139 is thinking
660 127 is thinking
660 5 is thinking
660 69 is thinking
661 70 is sleeping
661 46 is sleeping
661 39 is sleeping
661 38 has taken a fork
661 38 has taken a fork
661 40 has taken a fork
662 188 is sleeping
662 38 is eating
662 199 is thinking
662 131 is sleeping
662 130 has taken a fork
662 130 has taken a fork
662 185 is sleeping
662 186 has taken a fork
662 183 is sleeping
662 40 is eating
662 182 has taken a fork
662 182 has taken a fork
663 182 is eating
663 186 is eating
663 130 is eating
663 190 is sleeping
664 108 is sleeping
664 90 is sleeping
664 110 is sleeping
665 88 is sleeping
665 107 is thinking
666 30 is sleeping
666 33 is thinking
667 15 is thinking
667 124 is sleeping
668 126 is sleeping
668 92 is sleeping
668 23 is thinking
668 66 is sleeping
668 75 is thinking
669 111 is thinking
669 74 is sleeping
671 195 is thinking
671 47 has taken a fork
671 198 is sleeping
671 199 has taken a fork
671 48 is sleeping
671 29 is thinking
672 76 is sleeping
672 125 is thinking
672 153 is thinking
673 75 has taken a fork
673 75 has taken a fork
673 129 is thinking
674 111 has taken a fork
674 75 is eating
674 121 is thinking
674 81 is thinking
677 125 has taken a fork
677 162 is sleeping
677 125 has taken a fork
677 122 is sleeping
678 120 is sleeping
678 164 is sleeping
678 118 is sleeping
678 112 is sleeping
678 125 is eating
678 127 has taken a fork
678 18 is sleeping
678 47 has taken a fork
678 111 has taken a fork
679 111 is eating
679 119 is thinking
679 121 has taken a fork
679 121 has taken a fork
679 47 is eating
680 121 is eating
680 67 is thinking
683 141 is thinking
684 119 has taken a fork
684 119 has taken a fork
685 119 is eating
686 89 has taken a fork
686 89 has taken a fork
686 91 is thinking
687 44 is sleeping
688 16 is sleeping
690 154 is sleeping
690 128 is sleeping
690 129 has taken a fork
690 20 is sleeping
690 127 has taken a fork
691 127 is eating
693 91 has taken a fork
693 91 has taken a fork
694 91 is eating
695 2 is sleeping
695 140 is sleeping
698 155 is thinking
698 34 is sleeping
698 22 is sleeping
698 3 is thinking
698 23 has taken a fork
702 165 is thinking
702 135 is thinking
703 3 has taken a fork
707 67 has taken a fork
711 32 is sleeping
712 33 has taken a fork
712 33 has taken a fork
713 33 is eating
714 19 is thinking
716 197 is thinking
717 57 is thinking
719 19 has taken a fork
719 19 has taken a fork
721 19 is eating
722 57 has taken a fork
723 55 is thinking
728 73 is thinking
731 167 is thinking
731 95 is thinking
732 13 is thinking
732 11 is thinking
733 159 is thinking
734 171 is thinking
736 105 is thinking
736 9 is thinking
737 97 is thinking
739 73 has taken a fork
739 109 is thinking
740 99 is thinking
740 89 is eating
741 196 is sleeping
741 4 is sleeping
742 5 has taken a fork
742 17 is thinking
743 173 is thinking
743 179 is thinking
743 133 is thinking
745 109 has taken a fork
745 109 has taken a fork
746 109 is eating
746 163 is thinking
748 155 has taken a fork
748 141 has taken a fork
749 165 has taken a fork
750 35 is thinking
751 163 has taken a fork
751 163 has taken a fork
751 17 has taken a fork
751 17 has taken a fork
751 73 has taken a fork
751 197 has taken a fork
751 197 has taken a fork
752 73 is eating
752 197 is eating
752 3 has taken a fork
753 3 is eating
753 163 is eating
753 17 is eating
755 35 has taken a fork
773 157 is thinking
773 71 is thinking
773 77 is thinking
773 117 is thinking
774 115 is thinking
774 123 is thinking
774 137 is thinking
774 53 is thinking
774 143 is thinking
778 71 has taken a fork
778 71 has taken a fork
778 77 has taken a fork
779 191 is thinking
779 59 is thinking
779 145 is thinking
779 71 is eating
779 123 has taken a fork
779 123 has taken a fork
780 187 is thinking
780 21 is thinking
780 147 is thinking
780 25 is thinking
780 93 is thinking
780 123 is eating
780 181 is thinking
780 79 is thinking
782 161 is thinking
784 191 has taken a fork
784 31 is thinking
784 1 is thinking
785 21 has taken a fork
785 21 has taken a fork
785 93 has taken a fork
785 132 has taken a fork
785 184 has taken a fork
785 184 has taken a fork
785 65 is thinking
786 184 is eating
786 113 is thinking
786 21 is eating
786 132 is eating
787 177 is thinking
787 27 is thinking
787 169 is thinking
787 51 is thinking
787 193 is thinking
789 31 has taken a fork
789 31 has taken a fork
790 31 is eating
790 43 is thinking
791 45 is thinking
791 37 is thinking
791 113 has taken a fork
792 49 is thinking
792 200 is sleeping
792 61 is thinking
792 199 has taken a fork
792 1 has taken a fork
792 1 has taken a fork
793 199 is eating
793 1 is eating
793 103 is thinking
793 189 is thinking
795 43 has taken a fork
795 43 has taken a fork
796 45 has taken a fork
796 45 has taken a fork
796 43 is eating
797 49 has taken a fork
799 50 is sleeping
799 63 is thinking
799 175 is thinking
799 51 has taken a fork
799 49 has taken a fork
799 45 is eating
799 58 is sleeping
799 83 is thinking
799 57 has taken a fork
799 59 has taken a fork
799 189 has taken a fork
799 189 has taken a fork
799 101 is thinking
799 149 is thinking
799 136 is sleeping
799 137 has taken a fork
800 189 is eating
800 49 is eating
800 57 is eating
800 86 is sleeping
800 36 is sleeping
800 7 is thinking
800 87 has taken a fork
800 87 has taken a fork
800 35 has taken a fork
800 37 has taken a fork
800 78 is sleeping
800 77 has taken a fork
800 79 has taken a fork
801 77 is eating
801 35 is eating
801 87 is eating
801 85 is thinking
801 151 is thinking
802 68 is sleeping
802 67 has taken a fork
802 69 has taken a fork
802 69 has taken a fork
803 67 is eating
803 69 is eating
803 138 is sleeping
803 142 is sleeping
803 80 is sleeping
803 141 has taken a fork
804 141 is eating
804 139 has taken a fork
804 139 has taken a fork
804 137 has taken a fork
804 143 has taken a fork
804 81 has taken a fork
804 79 has taken a fork
804 194 is sleeping
804 195 has taken a fork
804 195 has taken a fork
805 139 is eating
805 79 is eating
805 137 is eating
805 195 is eating
805 176 is sleeping
805 177 has taken a fork
850 172 is sleeping
850 64 is sleeping
850 156 is sleeping
850 173 has taken a fork
850 157 has taken a fork
850 155 has taken a fork
850 65 has taken a fork
850 65 has taken a fork
851 56 is thinking
851 65 is eating
851 155 is eating
851 72 is thinking
852 52 is sleeping
852 53 has taken a fork
852 51 has taken a fork
853 51 is eating
856 42 is thinking
857 104 is sleeping
857 82 is sleeping
857 81 has taken a fork
857 105 has taken a fork
857 83 has taken a fork
857 134 is sleeping
857 135 has taken a fork
857 135 has taken a fork
857 158 is sleeping
857 157 has taken a fork
857 159 has taken a fork
858 157 is eating
858 81 is eating
858 135 is eating
858 106 is sleeping
858 107 has taken a fork
858 107 has taken a fork
858 105 has taken a fork
859 105 is eating
859 107 is eating
860 8 is sleeping
860 9 has taken a fork
862 39 is thinking
863 183 is thinking
863 185 is thinking
863 131 is thinking
864 190 is thinking
865 90 is thinking
867 30 is thinking
868 124 is thinking
869 66 is thinking
869 126 is thinking
869 92 is thinking
870 74 is thinking
872 198 is thinking
872 48 is thinking
873 76 is thinking
875 96 is sleeping
875 97 has taken a fork
877 110 is thinking
878 162 is thinking
878 122 is thinking
879 18 is thinking
879 120 is thinking
879 118 is thinking
880 47 is sleeping
881 112 is thinking
884 60 is sleeping
884 46 is thinking
884 59 has taken a fork
884 61 has taken a fork
885 54 is sleeping
885 59 is eating
885 55 has taken a fork
885 55 has taken a fork
885 53 has taken a fork
886 55 is eating
886 53 is eating
886 119 is sleeping
886 118 has taken a fork
886 118 has taken a fork
886 102 is sleeping
886 103 has taken a fork
886 103 has taken a fork
886 28 is sleeping
886 29 has taken a fork
886 29 has taken a fork
887 88 is thinking
887 62 is sleeping
887 103 is eating
887 29 is eating
887 61 has taken a fork
887 63 has taken a fork
887 63 has taken a fork
887 118 is eating
888 98 is sleeping
888 6 is sleeping
888 61 is eating
888 63 is eating
888 7 has taken a fork
888 7 has taken a fork
888 5 has taken a fork
888 99 has taken a fork
888 44 is thinking
888 97 has taken a fork
889 5 is eating
889 97 is eating
889 7 is eating
889 16 is thinking
889 46 has taken a fork
890 188 is thinking
891 128 is thinking
891 20 is thinking
891 154 is thinking
894 127 is sleeping
894 126 has taken a fork
896 91 is sleeping
896 2 is thinking
896 140 is thinking
897 144 is sleeping
897 145 has taken a fork
897 143 has taken a fork
897 90 has taken a fork
897 114 is sleeping
897 115 has taken a fork
897 113 has taken a fork
898 143 is eating
898 113 is eating
898 174 is sleeping
898 173 has taken a fork
899 121 is sleeping
899 22 is thinking
899 164 is thinking
899 94 is sleeping
899 108 is thinking
899 34 is thinking
899 70 is thinking
899 14 is sleeping
899 95 has taken a fork
899 84 is sleeping
899 192 is sleeping
899 15 has taken a fork
899 95 has taken a fork
899 173 is eating
899 125 is sleeping
899 111 is sleeping
899 15 has taken a fork
900 15 is eating
900 186 is sleeping
900 170 is sleeping
900 24 is sleeping
900 95 is eating
900 23 has taken a fork
900 171 has taken a fork
900 171 has taken a fork
900 75 is sleeping
900 110 has taken a fork
901 168 is sleeping
901 10 is sleeping
901 23 is eating
901 11 has taken a fork
901 9 has taken a fork
901 171 is eating
901 116 is sleeping
901 150 is sleeping
901 117 has taken a fork
901 115 has taken a fork
902 9 is eating
902 38 is sleeping
902 115 is eating
902 130 is sleeping
902 129 has taken a fork
903 182 is sleeping
903 129 is eating
903 148 is sleeping
903 175 has taken a fork
903 175 has taken a fork
903 93 has taken a fork
904 40 is sleeping
904 93 is eating
904 41 has taken a fork
904 41 has taken a fork
904 175 is eating
904 193 has taken a fork
904 193 has taken a fork
904 191 has taken a fork
904 25 has taken a fork
904 187 has taken a fork
904 26 is sleeping
904 169 has taken a fork
904 169 has taken a fork
904 187 has taken a fork
904 25 has taken a fork
904 27 has taken a fork
904 27 has taken a fork
905 25 is eating
905 187 is eating
905 27 is eating
905 41 is eating
905 191 is eating
905 193 is eating
905 169 is eating
906 180 is sleeping
906 152 is sleeping
906 100 is sleeping
906 166 is sleeping
906 178 is sleeping
906 146 is sleeping
906 12 is sleeping
906 153 has taken a fork
906 167 has taken a fork
906 167 has taken a fork
906 179 has taken a fork
906 179 has taken a fork
906 153 has taken a fork
906 11 has taken a fork
906 181 has taken a fork
906 101 has taken a fork
906 101 has taken a fork
906 165 has taken a fork
906 99 has taken a fork
906 13 has taken a fork
906 13 has taken a fork
907 165 is eating
907 11 is eating
907 153 is eating
907 167 is eating
907 13 is eating
907 99 is eating
907 179 is eating
907 147 has taken a fork
907 147 has taken a fork
907 145 has taken a fork
907 177 has taken a fork
907 101 is eating
907 85 has taken a fork
907 85 has taken a fork
907 181 has taken a fork
907 83 has taken a fork
908 147 is eating
908 181 is eating
908 145 is eating
908 177 is eating
908 83 is eating
908 151 has taken a fork
908 151 has taken a fork
908 39 has taken a fork
908 39 has taken a fork
908 149 has taken a fork
908 149 has taken a fork
908 37 has taken a fork
909 151 is eating
909 149 is eating
909 39 is eating
909 160 is sleeping
909 159 has taken a fork
909 161 has taken a fork
909 161 has taken a fork
909 37 is eating
910 161 is eating
910 159 is eating
910 85 is eating
914 33 is sleeping
1006 176 is thinking
1023 58 is thinking
1024 78 is thinking
1024 50 is thinking
1024 136 is thinking
1024 139 is sleeping
1024 120 has taken a fork
1024 120 has taken a fork
1024 86 is thinking
1024 194 is thinking
1024 80 is thinking
1025 142 is thinking
1025 163 is sleeping
1025 120 is eating
1025 195 is sleeping
1025 162 has taken a fork
1030 124 has taken a fork
1030 126 has taken a fork
1031 79 is sleeping
1031 36 is thinking
1031 68 is thinking
1031 131 has taken a fork
1031 67 is sleeping
1031 78 has taken a fork
1031 109 is sleeping
1031 183 has taken a fork
1031 200 is thinking
1031 110 has taken a fork
1031 194 has taken a fork
1031 87 is sleeping
1031 35 is sleeping
1031 138 is thinking
1031 17 is sleeping
1031 69 is sleeping
1031 108 has taken a fork
1031 141 is sleeping
1031 57 is sleeping
1031 184 is sleeping
1031 66 has taken a fork
1031 117 died
